# JRE version: OpenJDK Runtime Environment Temurin-21.0.10+7 (21.0.10+7) (build 21.0.10+7-LTS)
# Java VM: OpenJDK 64-Bit Server VM Temurin-21.0.10+7 (21.0.10+7-LTS, mixed mode, sharing, tiered, compressed oops, compressed class ptrs, parallel gc, windows-amd64)
GC Precious Log:
 CardTable entry size: 512
 CPUs: 16 total, 16 available
 Memory: 32388M
 Large Page Support: Disabled
 NUMA Support: Disabled
 Compressed Oops: Enabled (32-bit)
 Alignments: Space 512K, Generation 512K, Heap 2M
 Heap Min Capacity: 100M
 Heap Initial Capacity: 100M
 Heap Max Capacity: 2G
 Pre-touch: Disabled
 Parallel Workers: 13
Heap:
 PSYoungGen      total 17408K, used 7893K [0x00000000d5580000, 0x00000000d6a80000, 0x0000000100000000)
  eden space 15360K, 39% used [0x00000000d5580000,0x00000000d5b5c968,0x00000000d6480000)
  from space 2048K, 95% used [0x00000000d6480000,0x00000000d666a930,0x00000000d6680000)
  to   space 3072K, 0% used [0x00000000d6780000,0x00000000d6780000,0x00000000d6a80000)
 ParOldGen       total 183296K, used 183118K [0x0000000080000000, 0x000000008b300000, 0x00000000d5580000)
  object space 183296K, 99% used [0x0000000080000000,0x000000008b2d3958,0x000000008b300000)
 Metaspace       used 63711K, committed 65216K, reserved 1114112K
  class space    used 6844K, committed 7488K, reserved 1048576K
GC Heap History (20 events):
Event: 63.192 GC heap before
{Heap before GC invocations=105 (full 3):
 PSYoungGen      total 15872K, used 15808K [0x00000000d5580000, 0x00000000d6600000, 0x0000000100000000)
  eden space 15360K, 100% used [0x00000000d5580000,0x00000000d6480000,0x00000000d6480000)
  from space 512K, 87% used [0x00000000d6500000,0x00000000d6570000,0x00000000d6580000)
  to   space 512K, 0% used [0x00000000d6580000,0x00000000d6580000,0x00000000d6600000)
 ParOldGen       total 169984K, used 169512K [0x0000000080000000, 0x000000008a600000, 0x00000000d5580000)
  object space 169984K, 99% used [0x0000000080000000,0x000000008a58a020,0x000000008a600000)
 Metaspace       used 60725K, committed 62080K, reserved 1114112K
  class space    used 6513K, committed 7104K, reserved 1048576K
}
Event: 63.194 GC heap after
{Heap after GC invocations=105 (full 3):
 PSYoungGen      total 15872K, used 480K [0x00000000d5580000, 0x00000000d6600000, 0x0000000100000000)
  eden space 15360K, 0% used [0x00000000d5580000,0x00000000d5580000,0x00000000d6480000)
  from space 512K, 93% used [0x00000000d6580000,0x00000000d65f8000,0x00000000d6600000)
  to   space 512K, 0% used [0x00000000d6500000,0x00000000d6500000,0x00000000d6580000)
 ParOldGen       total 169984K, used 169736K [0x0000000080000000, 0x000000008a600000, 0x00000000d5580000)
  object space 169984K, 99% used [0x0000000080000000,0x000000008a5c2020,0x000000008a600000)
 Metaspace       used 60725K, committed 62080K, reserved 1114112K
  class space    used 6513K, committed 7104K, reserved 1048576K
}
Event: 63.210 GC heap before
{Heap before GC invocations=106 (full 3):
 PSYoungGen      total 15872K, used 15840K [0x00000000d5580000, 0x00000000d6600000, 0x0000000100000000)
  eden space 15360K, 100% used [0x00000000d5580000,0x00000000d6480000,0x00000000d6480000)
  from space 512K, 93% used [0x00000000d6580000,0x00000000d65f8000,0x00000000d6600000)
  to   space 512K, 0% used [0x00000000d6500000,0x00000000d6500000,0x00000000d6580000)
 ParOldGen       total 169984K, used 169736K [0x0000000080000000, 0x000000008a600000, 0x00000000d5580000)
  object space 169984K, 99% used [0x0000000080000000,0x000000008a5c2020,0x000000008a600000)
 Metaspace       used 60731K, committed 62144K, reserved 1114112K
  class space    used 6513K, committed 7104K, reserved 1048576K
}
Event: 63.212 GC heap after
{Heap after GC invocations=106 (full 3):
 PSYoungGen      total 15872K, used 512K [0x00000000d5580000, 0x00000000d6680000, 0x0000000100000000)
  eden space 15360K, 0% used [0x00000000d5580000,0x00000000d5580000,0x00000000d6480000)
  from space 512K, 100% used [0x00000000d6500000,0x00000000d6580000,0x00000000d6580000)
  to   space 1024K, 0% used [0x00000000d6580000,0x00000000d6580000,0x00000000d6680000)
 ParOldGen       total 169984K, used 169896K [0x0000000080000000, 0x000000008a600000, 0x00000000d5580000)
  object space 169984K, 99% used [0x0000000080000000,0x000000008a5ea020,0x000000008a600000)
 Metaspace       used 60731K, committed 62144K, reserved 1114112K
  class space    used 6513K, committed 7104K, reserved 1048576K
}
Event: 63.227 GC heap before
{Heap before GC invocations=107 (full 3):
 PSYoungGen      total 15872K, used 15872K [0x00000000d5580000, 0x00000000d6680000, 0x0000000100000000)
  eden space 15360K, 100% used [0x00000000d5580000,0x00000000d6480000,0x00000000d6480000)
  from space 512K, 100% used [0x00000000d6500000,0x00000000d6580000,0x00000000d6580000)
  to   space 1024K, 0% used [0x00000000d6580000,0x00000000d6580000,0x00000000d6680000)
 ParOldGen       total 169984K, used 169896K [0x0000000080000000, 0x000000008a600000, 0x00000000d5580000)
  object space 169984K, 99% used [0x0000000080000000,0x000000008a5ea020,0x000000008a600000)
 Metaspace       used 60736K, committed 62144K, reserved 1114112K
  class space    used 6513K, committed 7104K, reserved 1048576K
}
Event: 63.229 GC heap after
{Heap after GC invocations=107 (full 3):
 PSYoungGen      total 16384K, used 480K [0x00000000d5580000, 0x00000000d6680000, 0x0000000100000000)
  eden space 15360K, 0% used [0x00000000d5580000,0x00000000d5580000,0x00000000d6480000)
  from space 1024K, 46% used [0x00000000d6580000,0x00000000d65f8000,0x00000000d6680000)
  to   space 1024K, 0% used [0x00000000d6480000,0x00000000d6480000,0x00000000d6580000)
 ParOldGen       total 170496K, used 170160K [0x0000000080000000, 0x000000008a680000, 0x00000000d5580000)
  object space 170496K, 99% used [0x0000000080000000,0x000000008a62c020,0x000000008a680000)
 Metaspace       used 60736K, committed 62144K, reserved 1114112K
  class space    used 6513K, committed 7104K, reserved 1048576K
}
Event: 63.248 GC heap before
{Heap before GC invocations=108 (full 3):
 PSYoungGen      total 16384K, used 15840K [0x00000000d5580000, 0x00000000d6680000, 0x0000000100000000)
  eden space 15360K, 100% used [0x00000000d5580000,0x00000000d6480000,0x00000000d6480000)
  from space 1024K, 46% used [0x00000000d6580000,0x00000000d65f8000,0x00000000d6680000)
  to   space 1024K, 0% used [0x00000000d6480000,0x00000000d6480000,0x00000000d6580000)
 ParOldGen       total 170496K, used 170160K [0x0000000080000000, 0x000000008a680000, 0x00000000d5580000)
  object space 170496K, 99% used [0x0000000080000000,0x000000008a62c020,0x000000008a680000)
 Metaspace       used 60739K, committed 62144K, reserved 1114112K
  class space    used 6513K, committed 7104K, reserved 1048576K
}
Event: 63.249 GC heap after
{Heap after GC invocations=108 (full 3):
 PSYoungGen      total 16384K, used 512K [0x00000000d5580000, 0x00000000d6680000, 0x0000000100000000)
  eden space 15360K, 0% used [0x00000000d5580000,0x00000000d5580000,0x00000000d6480000)
  from space 1024K, 50% used [0x00000000d6480000,0x00000000d6500000,0x00000000d6580000)
  to   space 1024K, 0% used [0x00000000d6580000,0x00000000d6580000,0x00000000d6680000)
 ParOldGen       total 170496K, used 170288K [0x0000000080000000, 0x000000008a680000, 0x00000000d5580000)
  object space 170496K, 99% used [0x0000000080000000,0x000000008a64c020,0x000000008a680000)
 Metaspace       used 60739K, committed 62144K, reserved 1114112K
  class space    used 6513K, committed 7104K, reserved 1048576K
}
Event: 63.265 GC heap before
{Heap before GC invocations=109 (full 3):
 PSYoungGen      total 16384K, used 15872K [0x00000000d5580000, 0x00000000d6680000, 0x0000000100000000)
  eden space 15360K, 100% used [0x00000000d5580000,0x00000000d6480000,0x00000000d6480000)
  from space 1024K, 50% used [0x00000000d6480000,0x00000000d6500000,0x00000000d6580000)
  to   space 1024K, 0% used [0x00000000d6580000,0x00000000d6580000,0x00000000d6680000)
 ParOldGen       total 170496K, used 170288K [0x0000000080000000, 0x000000008a680000, 0x00000000d5580000)
  object space 170496K, 99% used [0x0000000080000000,0x000000008a64c020,0x000000008a680000)
 Metaspace       used 60740K, committed 62144K, reserved 1114112K
  class space    used 6513K, committed 7104K, reserved 1048576K
}
Event: 63.267 GC heap after
{Heap after GC invocations=109 (full 3):
 PSYoungGen      total 15872K, used 480K [0x00000000d5580000, 0x00000000d6600000, 0x0000000100000000)
  eden space 15360K, 0% used [0x00000000d5580000,0x00000000d5580000,0x00000000d6480000)
  from space 512K, 93% used [0x00000000d6580000,0x00000000d65f8000,0x00000000d6600000)
  to   space 512K, 0% used [0x00000000d6500000,0x00000000d6500000,0x00000000d6580000)
 ParOldGen       total 171008K, used 170504K [0x0000000080000000, 0x000000008a700000, 0x00000000d5580000)
  object space 171008K, 99% used [0x0000000080000000,0x000000008a682020,0x000000008a700000)
 Metaspace       used 60740K, committed 62144K, reserved 1114112K
  class space    used 6513K, committed 7104K, reserved 1048576K
}
Event: 63.426 GC heap before
{Heap before GC invocations=110 (full 3):
 PSYoungGen      total 15872K, used 15840K [0x00000000d5580000, 0x00000000d6600000, 0x0000000100000000)
  eden space 15360K, 100% used [0x00000000d5580000,0x00000000d6480000,0x00000000d6480000)
  from space 512K, 93% used [0x00000000d6580000,0x00000000d65f8000,0x00000000d6600000)
  to   space 512K, 0% used [0x00000000d6500000,0x00000000d6500000,0x00000000d6580000)
 ParOldGen       total 171008K, used 170504K [0x0000000080000000, 0x000000008a700000, 0x00000000d5580000)
  object space 171008K, 99% used [0x0000000080000000,0x000000008a682020,0x000000008a700000)
 Metaspace       used 61620K, committed 63104K, reserved 1114112K
  class space    used 6612K, committed 7232K, reserved 1048576K
}
Event: 63.430 GC heap after
{Heap after GC invocations=110 (full 3):
 PSYoungGen      total 15872K, used 496K [0x00000000d5580000, 0x00000000d7380000, 0x0000000100000000)
  eden space 15360K, 0% used [0x00000000d5580000,0x00000000d5580000,0x00000000d6480000)
  from space 512K, 96% used [0x00000000d6500000,0x00000000d657c248,0x00000000d6580000)
  to   space 7680K, 0% used [0x00000000d6c00000,0x00000000d6c00000,0x00000000d7380000)
 ParOldGen       total 176640K, used 176497K [0x0000000080000000, 0x000000008ac80000, 0x00000000d5580000)
  object space 176640K, 99% used [0x0000000080000000,0x000000008ac5c648,0x000000008ac80000)
 Metaspace       used 61620K, committed 63104K, reserved 1114112K
  class space    used 6612K, committed 7232K, reserved 1048576K
}
Event: 63.574 GC heap before
{Heap before GC invocations=111 (full 3):
 PSYoungGen      total 15872K, used 15856K [0x00000000d5580000, 0x00000000d7380000, 0x0000000100000000)
  eden space 15360K, 100% used [0x00000000d5580000,0x00000000d6480000,0x00000000d6480000)
  from space 512K, 96% used [0x00000000d6500000,0x00000000d657c248,0x00000000d6580000)
  to   space 7680K, 0% used [0x00000000d6c00000,0x00000000d6c00000,0x00000000d7380000)
 ParOldGen       total 176640K, used 176497K [0x0000000080000000, 0x000000008ac80000, 0x00000000d5580000)
  object space 176640K, 99% used [0x0000000080000000,0x000000008ac5c648,0x000000008ac80000)
 Metaspace       used 61910K, committed 63296K, reserved 1114112K
  class space    used 6641K, committed 7232K, reserved 1048576K
}
Event: 63.578 GC heap after
{Heap after GC invocations=111 (full 3):
 PSYoungGen      total 17408K, used 1568K [0x00000000d5580000, 0x00000000d6e00000, 0x0000000100000000)
  eden space 15360K, 0% used [0x00000000d5580000,0x00000000d5580000,0x00000000d6480000)
  from space 2048K, 76% used [0x00000000d6c00000,0x00000000d6d88010,0x00000000d6e00000)
  to   space 3584K, 0% used [0x00000000d6700000,0x00000000d6700000,0x00000000d6a80000)
 ParOldGen       total 177152K, used 176935K [0x0000000080000000, 0x000000008ad00000, 0x00000000d5580000)
  object space 177152K, 99% used [0x0000000080000000,0x000000008acc9da8,0x000000008ad00000)
 Metaspace       used 61910K, committed 63296K, reserved 1114112K
  class space    used 6641K, committed 7232K, reserved 1048576K
}
Event: 63.699 GC heap before
{Heap before GC invocations=112 (full 3):
 PSYoungGen      total 17408K, used 16928K [0x00000000d5580000, 0x00000000d6e00000, 0x0000000100000000)
  eden space 15360K, 100% used [0x00000000d5580000,0x00000000d6480000,0x00000000d6480000)
  from space 2048K, 76% used [0x00000000d6c00000,0x00000000d6d88010,0x00000000d6e00000)
  to   space 3584K, 0% used [0x00000000d6700000,0x00000000d6700000,0x00000000d6a80000)
 ParOldGen       total 177152K, used 176935K [0x0000000080000000, 0x000000008ad00000, 0x00000000d5580000)
  object space 177152K, 99% used [0x0000000080000000,0x000000008acc9da8,0x000000008ad00000)
 Metaspace       used 62254K, committed 63680K, reserved 1114112K
  class space    used 6689K, committed 7296K, reserved 1048576K
}
Event: 63.703 GC heap after
{Heap after GC invocations=112 (full 3):
 PSYoungGen      total 17920K, used 2085K [0x00000000d5580000, 0x00000000d6c80000, 0x0000000100000000)
  eden space 15360K, 0% used [0x00000000d5580000,0x00000000d5580000,0x00000000d6480000)
  from space 2560K, 81% used [0x00000000d6700000,0x00000000d6909620,0x00000000d6980000)
  to   space 2560K, 0% used [0x00000000d6a00000,0x00000000d6a00000,0x00000000d6c80000)
 ParOldGen       total 178688K, used 178335K [0x0000000080000000, 0x000000008ae80000, 0x00000000d5580000)
  object space 178688K, 99% used [0x0000000080000000,0x000000008ae27dc8,0x000000008ae80000)
 Metaspace       used 62254K, committed 63680K, reserved 1114112K
  class space    used 6689K, committed 7296K, reserved 1048576K
}
Event: 63.828 GC heap before
{Heap before GC invocations=113 (full 3):
 PSYoungGen      total 17920K, used 17445K [0x00000000d5580000, 0x00000000d6c80000, 0x0000000100000000)
  eden space 15360K, 100% used [0x00000000d5580000,0x00000000d6480000,0x00000000d6480000)
  from space 2560K, 81% used [0x00000000d6700000,0x00000000d6909620,0x00000000d6980000)
  to   space 2560K, 0% used [0x00000000d6a00000,0x00000000d6a00000,0x00000000d6c80000)
 ParOldGen       total 178688K, used 178335K [0x0000000080000000, 0x000000008ae80000, 0x00000000d5580000)
  object space 178688K, 99% used [0x0000000080000000,0x000000008ae27dc8,0x000000008ae80000)
 Metaspace       used 62460K, committed 63808K, reserved 1114112K
  class space    used 6697K, committed 7296K, reserved 1048576K
}
Event: 63.831 GC heap after
{Heap after GC invocations=113 (full 3):
 PSYoungGen      total 17920K, used 2537K [0x00000000d5580000, 0x00000000d6f80000, 0x0000000100000000)
  eden space 15360K, 0% used [0x00000000d5580000,0x00000000d5580000,0x00000000d6480000)
  from space 2560K, 99% used [0x00000000d6a00000,0x00000000d6c7a480,0x00000000d6c80000)
  to   space 5632K, 0% used [0x00000000d6480000,0x00000000d6480000,0x00000000d6a00000)
 ParOldGen       total 180736K, used 180634K [0x0000000080000000, 0x000000008b080000, 0x00000000d5580000)
  object space 180736K, 99% used [0x0000000080000000,0x000000008b0668a0,0x000000008b080000)
 Metaspace       used 62460K, committed 63808K, reserved 1114112K
  class space    used 6697K, committed 7296K, reserved 1048576K
}
Event: 64.027 GC heap before
{Heap before GC invocations=114 (full 3):
 PSYoungGen      total 17920K, used 17897K [0x00000000d5580000, 0x00000000d6f80000, 0x0000000100000000)
  eden space 15360K, 100% used [0x00000000d5580000,0x00000000d6480000,0x00000000d6480000)
  from space 2560K, 99% used [0x00000000d6a00000,0x00000000d6c7a480,0x00000000d6c80000)
  to   space 5632K, 0% used [0x00000000d6480000,0x00000000d6480000,0x00000000d6a00000)
 ParOldGen       total 180736K, used 180634K [0x0000000080000000, 0x000000008b080000, 0x00000000d5580000)
  object space 180736K, 99% used [0x0000000080000000,0x000000008b0668a0,0x000000008b080000)
 Metaspace       used 63054K, committed 64448K, reserved 1114112K
  class space    used 6756K, committed 7360K, reserved 1048576K
}
Event: 64.033 GC heap after
{Heap after GC invocations=114 (full 3):
 PSYoungGen      total 17408K, used 1962K [0x00000000d5580000, 0x00000000d6a80000, 0x0000000100000000)
  eden space 15360K, 0% used [0x00000000d5580000,0x00000000d5580000,0x00000000d6480000)
  from space 2048K, 95% used [0x00000000d6480000,0x00000000d666a930,0x00000000d6680000)
  to   space 3072K, 0% used [0x00000000d6780000,0x00000000d6780000,0x00000000d6a80000)
 ParOldGen       total 183296K, used 183118K [0x0000000080000000, 0x000000008b300000, 0x00000000d5580000)
  object space 183296K, 99% used [0x0000000080000000,0x000000008b2d3958,0x000000008b300000)
 Metaspace       used 63054K, committed 64448K, reserved 1114112K
  class space    used 6756K, committed 7360K, reserved 1048576K
}

