# JRE version: OpenJDK Runtime Environment Temurin-21.0.10+7 (21.0.10+7) (build 21.0.10+7-LTS)
# Java VM: OpenJDK 64-Bit Server VM Temurin-21.0.10+7 (21.0.10+7-LTS, mixed mode, sharing, tiered, compressed oops, compressed class ptrs, parallel gc, windows-amd64)
GC Precious Log:
 CardTable entry size: 512
 CPUs: 16 total, 16 available
 Memory: 32388M
 Large Page Support: Disabled
 NUMA Support: Disabled
 Compressed Oops: Enabled (32-bit)
 Alignments: Space 512K, Generation 512K, Heap 2M
 Heap Min Capacity: 100M
 Heap Initial Capacity: 100M
 Heap Max Capacity: 2G
 Pre-touch: Disabled
 Parallel Workers: 13
Heap:
 PSYoungGen      total 3072K, used 2592K [0x00000000d5580000, 0x00000000d5980000, 0x0000000100000000)
  eden space 2048K, 100% used [0x00000000d5580000,0x00000000d5780000,0x00000000d5780000)
  from space 1024K, 53% used [0x00000000d5880000,0x00000000d5908000,0x00000000d5980000)
  to   space 1024K, 48% used [0x00000000d5780000,0x00000000d57fd200,0x00000000d5880000)
 ParOldGen       total 259584K, used 259318K [0x0000000080000000, 0x000000008fd80000, 0x00000000d5580000)
  object space 259584K, 99% used [0x0000000080000000,0x000000008fd3d848,0x000000008fd80000)
 Metaspace       used 79756K, committed 81536K, reserved 1179648K
  class space    used 8229K, committed 8960K, reserved 1048576K
GC Heap History (20 events):
Event: 2844.423 GC heap after
{Heap after GC invocations=456 (full 3):
 PSYoungGen      total 2560K, used 320K [0x00000000d5580000, 0x00000000d5900000, 0x0000000100000000)
  eden space 2048K, 0% used [0x00000000d5580000,0x00000000d5580000,0x00000000d5780000)
  from space 512K, 62% used [0x00000000d5800000,0x00000000d5850000,0x00000000d5880000)
  to   space 512K, 0% used [0x00000000d5880000,0x00000000d5880000,0x00000000d5900000)
 ParOldGen       total 256512K, used 256046K [0x0000000080000000, 0x000000008fa80000, 0x00000000d5580000)
  object space 256512K, 99% used [0x0000000080000000,0x000000008fa0b928,0x000000008fa80000)
 Metaspace       used 79606K, committed 81344K, reserved 1179648K
  class space    used 8225K, committed 8960K, reserved 1048576K
}
Event: 2844.427 GC heap before
{Heap before GC invocations=457 (full 3):
 PSYoungGen      total 2560K, used 2367K [0x00000000d5580000, 0x00000000d5900000, 0x0000000100000000)
  eden space 2048K, 99% used [0x00000000d5580000,0x00000000d577ffc0,0x00000000d5780000)
  from space 512K, 62% used [0x00000000d5800000,0x00000000d5850000,0x00000000d5880000)
  to   space 512K, 0% used [0x00000000d5880000,0x00000000d5880000,0x00000000d5900000)
 ParOldGen       total 256512K, used 256046K [0x0000000080000000, 0x000000008fa80000, 0x00000000d5580000)
  object space 256512K, 99% used [0x0000000080000000,0x000000008fa0b928,0x000000008fa80000)
 Metaspace       used 79618K, committed 81408K, reserved 1179648K
  class space    used 8225K, committed 8960K, reserved 1048576K
}
Event: 2844.428 GC heap after
{Heap after GC invocations=457 (full 3):
 PSYoungGen      total 2560K, used 490K [0x00000000d5580000, 0x00000000d5980000, 0x0000000100000000)
  eden space 2048K, 0% used [0x00000000d5580000,0x00000000d5580000,0x00000000d5780000)
  from space 512K, 95% used [0x00000000d5880000,0x00000000d58fa910,0x00000000d5900000)
  to   space 1024K, 0% used [0x00000000d5780000,0x00000000d5780000,0x00000000d5880000)
 ParOldGen       total 256512K, used 256150K [0x0000000080000000, 0x000000008fa80000, 0x00000000d5580000)
  object space 256512K, 99% used [0x0000000080000000,0x000000008fa25928,0x000000008fa80000)
 Metaspace       used 79618K, committed 81408K, reserved 1179648K
  class space    used 8225K, committed 8960K, reserved 1048576K
}
Event: 2844.436 GC heap before
{Heap before GC invocations=458 (full 3):
 PSYoungGen      total 2560K, used 2538K [0x00000000d5580000, 0x00000000d5980000, 0x0000000100000000)
  eden space 2048K, 100% used [0x00000000d5580000,0x00000000d5780000,0x00000000d5780000)
  from space 512K, 95% used [0x00000000d5880000,0x00000000d58fa910,0x00000000d5900000)
  to   space 1024K, 0% used [0x00000000d5780000,0x00000000d5780000,0x00000000d5880000)
 ParOldGen       total 256512K, used 256150K [0x0000000080000000, 0x000000008fa80000, 0x00000000d5580000)
  object space 256512K, 99% used [0x0000000080000000,0x000000008fa25928,0x000000008fa80000)
 Metaspace       used 79618K, committed 81408K, reserved 1179648K
  class space    used 8225K, committed 8960K, reserved 1048576K
}
Event: 2844.437 GC heap after
{Heap after GC invocations=458 (full 3):
 PSYoungGen      total 3072K, used 320K [0x00000000d5580000, 0x00000000d5900000, 0x0000000100000000)
  eden space 2048K, 0% used [0x00000000d5580000,0x00000000d5580000,0x00000000d5780000)
  from space 1024K, 31% used [0x00000000d5780000,0x00000000d57d0000,0x00000000d5880000)
  to   space 512K, 0% used [0x00000000d5880000,0x00000000d5880000,0x00000000d5900000)
 ParOldGen       total 256512K, used 256490K [0x0000000080000000, 0x000000008fa80000, 0x00000000d5580000)
  object space 256512K, 99% used [0x0000000080000000,0x000000008fa7ab38,0x000000008fa80000)
 Metaspace       used 79618K, committed 81408K, reserved 1179648K
  class space    used 8225K, committed 8960K, reserved 1048576K
}
Event: 2844.463 GC heap before
{Heap before GC invocations=459 (full 3):
 PSYoungGen      total 3072K, used 2367K [0x00000000d5580000, 0x00000000d5900000, 0x0000000100000000)
  eden space 2048K, 99% used [0x00000000d5580000,0x00000000d577ffd8,0x00000000d5780000)
  from space 1024K, 31% used [0x00000000d5780000,0x00000000d57d0000,0x00000000d5880000)
  to   space 512K, 0% used [0x00000000d5880000,0x00000000d5880000,0x00000000d5900000)
 ParOldGen       total 256512K, used 256490K [0x0000000080000000, 0x000000008fa80000, 0x00000000d5580000)
  object space 256512K, 99% used [0x0000000080000000,0x000000008fa7ab38,0x000000008fa80000)
 Metaspace       used 79669K, committed 81472K, reserved 1179648K
  class space    used 8225K, committed 8960K, reserved 1048576K
}
Event: 2844.463 GC heap after
{Heap after GC invocations=459 (full 3):
 PSYoungGen      total 2560K, used 512K [0x00000000d5580000, 0x00000000d5980000, 0x0000000100000000)
  eden space 2048K, 0% used [0x00000000d5580000,0x00000000d5580000,0x00000000d5780000)
  from space 512K, 100% used [0x00000000d5880000,0x00000000d5900000,0x00000000d5900000)
  to   space 1024K, 0% used [0x00000000d5780000,0x00000000d5780000,0x00000000d5880000)
 ParOldGen       total 257024K, used 256794K [0x0000000080000000, 0x000000008fb00000, 0x00000000d5580000)
  object space 257024K, 99% used [0x0000000080000000,0x000000008fac6b48,0x000000008fb00000)
 Metaspace       used 79669K, committed 81472K, reserved 1179648K
  class space    used 8225K, committed 8960K, reserved 1048576K
}
Event: 2844.659 GC heap before
{Heap before GC invocations=460 (full 3):
 PSYoungGen      total 2560K, used 2560K [0x00000000d5580000, 0x00000000d5980000, 0x0000000100000000)
  eden space 2048K, 100% used [0x00000000d5580000,0x00000000d5780000,0x00000000d5780000)
  from space 512K, 100% used [0x00000000d5880000,0x00000000d5900000,0x00000000d5900000)
  to   space 1024K, 0% used [0x00000000d5780000,0x00000000d5780000,0x00000000d5880000)
 ParOldGen       total 257024K, used 256794K [0x0000000080000000, 0x000000008fb00000, 0x00000000d5580000)
  object space 257024K, 99% used [0x0000000080000000,0x000000008fac6b48,0x000000008fb00000)
 Metaspace       used 79682K, committed 81472K, reserved 1179648K
  class space    used 8229K, committed 8960K, reserved 1048576K
}
Event: 2844.660 GC heap after
{Heap after GC invocations=460 (full 3):
 PSYoungGen      total 3072K, used 352K [0x00000000d5580000, 0x00000000d5980000, 0x0000000100000000)
  eden space 2048K, 0% used [0x00000000d5580000,0x00000000d5580000,0x00000000d5780000)
  from space 1024K, 34% used [0x00000000d5780000,0x00000000d57d8000,0x00000000d5880000)
  to   space 1024K, 0% used [0x00000000d5880000,0x00000000d5880000,0x00000000d5980000)
 ParOldGen       total 257536K, used 257200K [0x0000000080000000, 0x000000008fb80000, 0x00000000d5580000)
  object space 257536K, 99% used [0x0000000080000000,0x000000008fb2c2d8,0x000000008fb80000)
 Metaspace       used 79682K, committed 81472K, reserved 1179648K
  class space    used 8229K, committed 8960K, reserved 1048576K
}
Event: 2844.825 GC heap before
{Heap before GC invocations=461 (full 3):
 PSYoungGen      total 3072K, used 2400K [0x00000000d5580000, 0x00000000d5980000, 0x0000000100000000)
  eden space 2048K, 100% used [0x00000000d5580000,0x00000000d5780000,0x00000000d5780000)
  from space 1024K, 34% used [0x00000000d5780000,0x00000000d57d8000,0x00000000d5880000)
  to   space 1024K, 0% used [0x00000000d5880000,0x00000000d5880000,0x00000000d5980000)
 ParOldGen       total 257536K, used 257200K [0x0000000080000000, 0x000000008fb80000, 0x00000000d5580000)
  object space 257536K, 99% used [0x0000000080000000,0x000000008fb2c2d8,0x000000008fb80000)
 Metaspace       used 79682K, committed 81472K, reserved 1179648K
  class space    used 8229K, committed 8960K, reserved 1048576K
}
Event: 2844.826 GC heap after
{Heap after GC invocations=461 (full 3):
 PSYoungGen      total 3072K, used 538K [0x00000000d5580000, 0x00000000d5980000, 0x0000000100000000)
  eden space 2048K, 0% used [0x00000000d5580000,0x00000000d5580000,0x00000000d5780000)
  from space 1024K, 52% used [0x00000000d5880000,0x00000000d5906920,0x00000000d5980000)
  to   space 1024K, 0% used [0x00000000d5780000,0x00000000d5780000,0x00000000d5880000)
 ParOldGen       total 257536K, used 257320K [0x0000000080000000, 0x000000008fb80000, 0x00000000d5580000)
  object space 257536K, 99% used [0x0000000080000000,0x000000008fb4a2d8,0x000000008fb80000)
 Metaspace       used 79682K, committed 81472K, reserved 1179648K
  class space    used 8229K, committed 8960K, reserved 1048576K
}
Event: 2844.829 GC heap before
{Heap before GC invocations=462 (full 3):
 PSYoungGen      total 3072K, used 2586K [0x00000000d5580000, 0x00000000d5980000, 0x0000000100000000)
  eden space 2048K, 100% used [0x00000000d5580000,0x00000000d5780000,0x00000000d5780000)
  from space 1024K, 52% used [0x00000000d5880000,0x00000000d5906920,0x00000000d5980000)
  to   space 1024K, 0% used [0x00000000d5780000,0x00000000d5780000,0x00000000d5880000)
 ParOldGen       total 257536K, used 257320K [0x0000000080000000, 0x000000008fb80000, 0x00000000d5580000)
  object space 257536K, 99% used [0x0000000080000000,0x000000008fb4a2d8,0x000000008fb80000)
 Metaspace       used 79682K, committed 81472K, reserved 1179648K
  class space    used 8229K, committed 8960K, reserved 1048576K
}
Event: 2844.830 GC heap after
{Heap after GC invocations=462 (full 3):
 PSYoungGen      total 3072K, used 512K [0x00000000d5580000, 0x00000000d5980000, 0x0000000100000000)
  eden space 2048K, 0% used [0x00000000d5580000,0x00000000d5580000,0x00000000d5780000)
  from space 1024K, 50% used [0x00000000d5780000,0x00000000d5800000,0x00000000d5880000)
  to   space 1024K, 0% used [0x00000000d5880000,0x00000000d5880000,0x00000000d5980000)
 ParOldGen       total 258048K, used 257821K [0x0000000080000000, 0x000000008fc00000, 0x00000000d5580000)
  object space 258048K, 99% used [0x0000000080000000,0x000000008fbc7508,0x000000008fc00000)
 Metaspace       used 79682K, committed 81472K, reserved 1179648K
  class space    used 8229K, committed 8960K, reserved 1048576K
}
Event: 2844.839 GC heap before
{Heap before GC invocations=463 (full 3):
 PSYoungGen      total 3072K, used 2560K [0x00000000d5580000, 0x00000000d5980000, 0x0000000100000000)
  eden space 2048K, 100% used [0x00000000d5580000,0x00000000d5780000,0x00000000d5780000)
  from space 1024K, 50% used [0x00000000d5780000,0x00000000d5800000,0x00000000d5880000)
  to   space 1024K, 0% used [0x00000000d5880000,0x00000000d5880000,0x00000000d5980000)
 ParOldGen       total 258048K, used 257821K [0x0000000080000000, 0x000000008fc00000, 0x00000000d5580000)
  object space 258048K, 99% used [0x0000000080000000,0x000000008fbc7508,0x000000008fc00000)
 Metaspace       used 79706K, committed 81472K, reserved 1179648K
  class space    used 8229K, committed 8960K, reserved 1048576K
}
Event: 2844.840 GC heap after
{Heap after GC invocations=463 (full 3):
 PSYoungGen      total 3072K, used 554K [0x00000000d5580000, 0x00000000d5980000, 0x0000000100000000)
  eden space 2048K, 0% used [0x00000000d5580000,0x00000000d5580000,0x00000000d5780000)
  from space 1024K, 54% used [0x00000000d5880000,0x00000000d590a910,0x00000000d5980000)
  to   space 1024K, 0% used [0x00000000d5780000,0x00000000d5780000,0x00000000d5880000)
 ParOldGen       total 258560K, used 258133K [0x0000000080000000, 0x000000008fc80000, 0x00000000d5580000)
  object space 258560K, 99% used [0x0000000080000000,0x000000008fc15528,0x000000008fc80000)
 Metaspace       used 79706K, committed 81472K, reserved 1179648K
  class space    used 8229K, committed 8960K, reserved 1048576K
}
Event: 2844.843 GC heap before
{Heap before GC invocations=464 (full 3):
 PSYoungGen      total 3072K, used 2602K [0x00000000d5580000, 0x00000000d5980000, 0x0000000100000000)
  eden space 2048K, 100% used [0x00000000d5580000,0x00000000d5780000,0x00000000d5780000)
  from space 1024K, 54% used [0x00000000d5880000,0x00000000d590a910,0x00000000d5980000)
  to   space 1024K, 0% used [0x00000000d5780000,0x00000000d5780000,0x00000000d5880000)
 ParOldGen       total 258560K, used 258133K [0x0000000080000000, 0x000000008fc80000, 0x00000000d5580000)
  object space 258560K, 99% used [0x0000000080000000,0x000000008fc15528,0x000000008fc80000)
 Metaspace       used 79706K, committed 81472K, reserved 1179648K
  class space    used 8229K, committed 8960K, reserved 1048576K
}
Event: 2844.844 GC heap after
{Heap after GC invocations=464 (full 3):
 PSYoungGen      total 3072K, used 608K [0x00000000d5580000, 0x00000000d5980000, 0x0000000100000000)
  eden space 2048K, 0% used [0x00000000d5580000,0x00000000d5580000,0x00000000d5780000)
  from space 1024K, 59% used [0x00000000d5780000,0x00000000d5818000,0x00000000d5880000)
  to   space 1024K, 0% used [0x00000000d5880000,0x00000000d5880000,0x00000000d5980000)
 ParOldGen       total 258560K, used 258552K [0x0000000080000000, 0x000000008fc80000, 0x00000000d5580000)
  object space 258560K, 99% used [0x0000000080000000,0x000000008fc7e0a8,0x000000008fc80000)
 Metaspace       used 79706K, committed 81472K, reserved 1179648K
  class space    used 8229K, committed 8960K, reserved 1048576K
}
Event: 2846.032 GC heap before
{Heap before GC invocations=465 (full 3):
 PSYoungGen      total 3072K, used 2655K [0x00000000d5580000, 0x00000000d5980000, 0x0000000100000000)
  eden space 2048K, 99% used [0x00000000d5580000,0x00000000d577ffc8,0x00000000d5780000)
  from space 1024K, 59% used [0x00000000d5780000,0x00000000d5818000,0x00000000d5880000)
  to   space 1024K, 0% used [0x00000000d5880000,0x00000000d5880000,0x00000000d5980000)
 ParOldGen       total 258560K, used 258552K [0x0000000080000000, 0x000000008fc80000, 0x00000000d5580000)
  object space 258560K, 99% used [0x0000000080000000,0x000000008fc7e0a8,0x000000008fc80000)
 Metaspace       used 79754K, committed 81536K, reserved 1179648K
  class space    used 8229K, committed 8960K, reserved 1048576K
}
Event: 2846.033 GC heap after
{Heap after GC invocations=465 (full 3):
 PSYoungGen      total 3072K, used 544K [0x00000000d5580000, 0x00000000d5980000, 0x0000000100000000)
  eden space 2048K, 0% used [0x00000000d5580000,0x00000000d5580000,0x00000000d5780000)
  from space 1024K, 53% used [0x00000000d5880000,0x00000000d5908000,0x00000000d5980000)
  to   space 1024K, 0% used [0x00000000d5780000,0x00000000d5780000,0x00000000d5880000)
 ParOldGen       total 259072K, used 258968K [0x0000000080000000, 0x000000008fd00000, 0x00000000d5580000)
  object space 259072K, 99% used [0x0000000080000000,0x000000008fce60a8,0x000000008fd00000)
 Metaspace       used 79754K, committed 81536K, reserved 1179648K
  class space    used 8229K, committed 8960K, reserved 1048576K
}
Event: 2846.403 GC heap before
{Heap before GC invocations=466 (full 3):
 PSYoungGen      total 3072K, used 2592K [0x00000000d5580000, 0x00000000d5980000, 0x0000000100000000)
  eden space 2048K, 100% used [0x00000000d5580000,0x00000000d5780000,0x00000000d5780000)
  from space 1024K, 53% used [0x00000000d5880000,0x00000000d5908000,0x00000000d5980000)
  to   space 1024K, 0% used [0x00000000d5780000,0x00000000d5780000,0x00000000d5880000)
 ParOldGen       total 259072K, used 258968K [0x0000000080000000, 0x000000008fd00000, 0x00000000d5580000)
  object space 259072K, 99% used [0x0000000080000000,0x000000008fce60a8,0x000000008fd00000)
 Metaspace       used 79756K, committed 81536K, reserved 1179648K
  class space    used 8229K, committed 8960K, reserved 1048576K
}

